{"name": "User can add product to cart", "status": "broken", "statusDetails": {"message": "selenium.common.exceptions.ElementClickInterceptedException: Message: element click intercepted: Element <button type=\"button\" aria-label=\"Add Light Autumn 15 Oz Ceramic Mom Mug - Black to cart\" data-test=\"chooseOptionsButton\" id=\"addToCartButtonOrTextIdFor89853382\" class=\"sc-ddc722c0-0 sc-f1230b39-0 dJKNCP doBYzz\">...</button> is not clickable at point (232, 797). Other element would receive the click: <p data-test=\"sponsored-text\" class=\"sc-ebd86219-1 jXLBvy\">...</p>\n  (Session info: chrome=129.0.6668.60)\nStacktrace:\n\tGetHandleVerifier [0x00007FF6C833FDA5+29557]\n\t(No symbol) [0x00007FF6C82B2240]\n\t(No symbol) [0x00007FF6C816B6EA]\n\t(No symbol) [0x00007FF6C81C76EE]\n\t(No symbol) [0x00007FF6C81C513C]\n\t(No symbol) [0x00007FF6C81C2608]\n\t(No symbol) [0x00007FF6C81C181A]\n\t(No symbol) [0x00007FF6C81B36CE]\n\t(No symbol) [0x00007FF6C81E74FA]\n\t(No symbol) [0x00007FF6C81B3006]\n\t(No symbol) [0x00007FF6C81E7710]\n\t(No symbol) [0x00007FF6C82088A3]\n\t(No symbol) [0x00007FF6C81E72A3]\n\t(No symbol) [0x00007FF6C81B12DF]\n\t(No symbol) [0x00007FF6C81B2451]\n\tGetHandleVerifier [0x00007FF6C866DCBD+3363469]\n\tGetHandleVerifier [0x00007FF6C86B9B47+3674391]\n\tGetHandleVerifier [0x00007FF6C86AEAEB+3629243]\n\tGetHandleVerifier [0x00007FF6C83FFC66+815670]\n\t(No symbol) [0x00007FF6C82BD6EF]\n\t(No symbol) [0x00007FF6C82B92B4]\n\t(No symbol) [0x00007FF6C82B9450]\n\t(No symbol) [0x00007FF6C82A81FF]\n\tBaseThreadInitThunk [0x00007FFBED717374+20]\n\tRtlUserThreadStart [0x00007FFBED85CC91+33]\n\n", "trace": "  File \"C:\\Users\\Owner\\python-selenium-automation\\venv\\Lib\\site-packages\\behave\\model.py\", line 1329, in run\n    match.run(runner.context)\n  File \"C:\\Users\\Owner\\python-selenium-automation\\venv\\Lib\\site-packages\\behave\\matchers.py\", line 98, in run\n    self.func(context, *args, **kwargs)\n  File \"features\\steps\\search_results_steps.py\", line 16, in click_add_to_cart\n    context.driver.find_element(*ADD_TO_CART_BTN).click()  # always clicks on 1st add to cart btn\n    ^^^^^^^^^^^^^^^^^^^^^^^^^^^^^^^^^^^^^^^^^^^^^^^^^^^^^\n  File \"C:\\Users\\Owner\\python-selenium-automation\\venv\\Lib\\site-packages\\selenium\\webdriver\\remote\\webelement.py\", line 94, in click\n    self._execute(Command.CLICK_ELEMENT)\n  File \"C:\\Users\\Owner\\python-selenium-automation\\venv\\Lib\\site-packages\\selenium\\webdriver\\remote\\webelement.py\", line 395, in _execute\n    return self._parent.execute(command, params)\n           ^^^^^^^^^^^^^^^^^^^^^^^^^^^^^^^^^^^^^\n  File \"C:\\Users\\Owner\\python-selenium-automation\\venv\\Lib\\site-packages\\selenium\\webdriver\\remote\\webdriver.py\", line 354, in execute\n    self.error_handler.check_response(response)\n  File \"C:\\Users\\Owner\\python-selenium-automation\\venv\\Lib\\site-packages\\selenium\\webdriver\\remote\\errorhandler.py\", line 229, in check_response\n    raise exception_class(message, screen, stacktrace)\n"}, "steps": [{"name": "Given Open target main page", "status": "passed", "start": 1727367714866, "stop": 1727367716812}, {"name": "When Search for mug", "status": "passed", "start": 1727367716813, "stop": 1727367724037}, {"name": "And Click on Add to cart button", "status": "broken", "statusDetails": {"message": "selenium.common.exceptions.ElementClickInterceptedException: Message: element click intercepted: Element <button type=\"button\" aria-label=\"Add Light Autumn 15 Oz Ceramic Mom Mug - Black to cart\" data-test=\"chooseOptionsButton\" id=\"addToCartButtonOrTextIdFor89853382\" class=\"sc-ddc722c0-0 sc-f1230b39-0 dJKNCP doBYzz\">...</button> is not clickable at point (232, 797). Other element would receive the click: <p data-test=\"sponsored-text\" class=\"sc-ebd86219-1 jXLBvy\">...</p>\n  (Session info: chrome=129.0.6668.60)\nStacktrace:\n\tGetHandleVerifier [0x00007FF6C833FDA5+29557]\n\t(No symbol) [0x00007FF6C82B2240]\n\t(No symbol) [0x00007FF6C816B6EA]\n\t(No symbol) [0x00007FF6C81C76EE]\n\t(No symbol) [0x00007FF6C81C513C]\n\t(No symbol) [0x00007FF6C81C2608]\n\t(No symbol) [0x00007FF6C81C181A]\n\t(No symbol) [0x00007FF6C81B36CE]\n\t(No symbol) [0x00007FF6C81E74FA]\n\t(No symbol) [0x00007FF6C81B3006]\n\t(No symbol) [0x00007FF6C81E7710]\n\t(No symbol) [0x00007FF6C82088A3]\n\t(No symbol) [0x00007FF6C81E72A3]\n\t(No symbol) [0x00007FF6C81B12DF]\n\t(No symbol) [0x00007FF6C81B2451]\n\tGetHandleVerifier [0x00007FF6C866DCBD+3363469]\n\tGetHandleVerifier [0x00007FF6C86B9B47+3674391]\n\tGetHandleVerifier [0x00007FF6C86AEAEB+3629243]\n\tGetHandleVerifier [0x00007FF6C83FFC66+815670]\n\t(No symbol) [0x00007FF6C82BD6EF]\n\t(No symbol) [0x00007FF6C82B92B4]\n\t(No symbol) [0x00007FF6C82B9450]\n\t(No symbol) [0x00007FF6C82A81FF]\n\tBaseThreadInitThunk [0x00007FFBED717374+20]\n\tRtlUserThreadStart [0x00007FFBED85CC91+33]\n\n", "trace": "  File \"C:\\Users\\Owner\\python-selenium-automation\\venv\\Lib\\site-packages\\behave\\model.py\", line 1329, in run\n    match.run(runner.context)\n  File \"C:\\Users\\Owner\\python-selenium-automation\\venv\\Lib\\site-packages\\behave\\matchers.py\", line 98, in run\n    self.func(context, *args, **kwargs)\n  File \"features\\steps\\search_results_steps.py\", line 16, in click_add_to_cart\n    context.driver.find_element(*ADD_TO_CART_BTN).click()  # always clicks on 1st add to cart btn\n    ^^^^^^^^^^^^^^^^^^^^^^^^^^^^^^^^^^^^^^^^^^^^^^^^^^^^^\n  File \"C:\\Users\\Owner\\python-selenium-automation\\venv\\Lib\\site-packages\\selenium\\webdriver\\remote\\webelement.py\", line 94, in click\n    self._execute(Command.CLICK_ELEMENT)\n  File \"C:\\Users\\Owner\\python-selenium-automation\\venv\\Lib\\site-packages\\selenium\\webdriver\\remote\\webelement.py\", line 395, in _execute\n    return self._parent.execute(command, params)\n           ^^^^^^^^^^^^^^^^^^^^^^^^^^^^^^^^^^^^^\n  File \"C:\\Users\\Owner\\python-selenium-automation\\venv\\Lib\\site-packages\\selenium\\webdriver\\remote\\webdriver.py\", line 354, in execute\n    self.error_handler.check_response(response)\n  File \"C:\\Users\\Owner\\python-selenium-automation\\venv\\Lib\\site-packages\\selenium\\webdriver\\remote\\errorhandler.py\", line 229, in check_response\n    raise exception_class(message, screen, stacktrace)\n"}, "start": 1727367724037, "stop": 1727367725147}, {"name": "And Confirm Add to Cart button from side navigation", "status": "skipped", "start": 1727367727347, "stop": 1727367727348}, {"name": "And Open cart page", "status": "skipped", "start": 1727367727348, "stop": 1727367727348}, {"name": "Then Verify cart has 1 item(s)", "status": "skipped", "start": 1727367727348, "stop": 1727367727348}], "start": 1727367710331, "stop": 1727367727348, "uuid": "961efb67-d1d9-4104-8acb-f36d87f29760", "historyId": "db6a8f0e9f946a17d2b1e9546ff79065", "fullName": "Tests for Cart functionality: User can add product to cart", "labels": [{"name": "severity", "value": "normal"}, {"name": "feature", "value": "Tests for Cart functionality"}, {"name": "framework", "value": "behave"}, {"name": "language", "value": "cpython3"}]}