{"name": "User enters invalid email or phone number", "status": "broken", "statusDetails": {"message": "selenium.common.exceptions.TimeoutException: Message: Element by locator ('css selector', \"[aria-label='Account, sign in']\") not clickable\nStacktrace:\n\tGetHandleVerifier [0x00007FF6C833FDA5+29557]\n\t(No symbol) [0x00007FF6C82B2240]\n\t(No symbol) [0x00007FF6C816B6EA]\n\t(No symbol) [0x00007FF6C81BFA15]\n\t(No symbol) [0x00007FF6C81BFC6C]\n\t(No symbol) [0x00007FF6C820BB07]\n\t(No symbol) [0x00007FF6C81E753F]\n\t(No symbol) [0x00007FF6C82088A3]\n\t(No symbol) [0x00007FF6C81E72A3]\n\t(No symbol) [0x00007FF6C81B12DF]\n\t(No symbol) [0x00007FF6C81B2451]\n\tGetHandleVerifier [0x00007FF6C866DCBD+3363469]\n\tGetHandleVerifier [0x00007FF6C86B9B47+3674391]\n\tGetHandleVerifier [0x00007FF6C86AEAEB+3629243]\n\tGetHandleVerifier [0x00007FF6C83FFC66+815670]\n\t(No symbol) [0x00007FF6C82BD6EF]\n\t(No symbol) [0x00007FF6C82B92B4]\n\t(No symbol) [0x00007FF6C82B9450]\n\t(No symbol) [0x00007FF6C82A81FF]\n\tBaseThreadInitThunk [0x00007FFBED717374+20]\n\tRtlUserThreadStart [0x00007FFBED85CC91+33]\n\n", "trace": "  File \"C:\\Users\\Owner\\python-selenium-automation\\venv\\Lib\\site-packages\\behave\\model.py\", line 1329, in run\n    match.run(runner.context)\n  File \"C:\\Users\\Owner\\python-selenium-automation\\venv\\Lib\\site-packages\\behave\\matchers.py\", line 98, in run\n    self.func(context, *args, **kwargs)\n  File \"features\\steps\\log_in_steps.py\", line 8, in click_sign_in_btn\n    context.app.header.click_sign_in_btn()\n  File \"C:\\Users\\Owner\\python-selenium-automation\\pages\\header.py\", line 24, in click_sign_in_btn\n    self.wait_and_click(*self.SIGN_IN_BTN)\n  File \"C:\\Users\\Owner\\python-selenium-automation\\pages\\base_page.py\", line 70, in wait_and_click\n    self.wait.until(\n  File \"C:\\Users\\Owner\\python-selenium-automation\\venv\\Lib\\site-packages\\selenium\\webdriver\\support\\wait.py\", line 105, in until\n    raise TimeoutException(message, screen, stacktrace)\n"}, "steps": [{"name": "Given Open target main page", "status": "passed", "start": 1727367791401, "stop": 1727367792629}, {"name": "When Click on sign in", "status": "broken", "statusDetails": {"message": "selenium.common.exceptions.TimeoutException: Message: Element by locator ('css selector', \"[aria-label='Account, sign in']\") not clickable\nStacktrace:\n\tGetHandleVerifier [0x00007FF6C833FDA5+29557]\n\t(No symbol) [0x00007FF6C82B2240]\n\t(No symbol) [0x00007FF6C816B6EA]\n\t(No symbol) [0x00007FF6C81BFA15]\n\t(No symbol) [0x00007FF6C81BFC6C]\n\t(No symbol) [0x00007FF6C820BB07]\n\t(No symbol) [0x00007FF6C81E753F]\n\t(No symbol) [0x00007FF6C82088A3]\n\t(No symbol) [0x00007FF6C81E72A3]\n\t(No symbol) [0x00007FF6C81B12DF]\n\t(No symbol) [0x00007FF6C81B2451]\n\tGetHandleVerifier [0x00007FF6C866DCBD+3363469]\n\tGetHandleVerifier [0x00007FF6C86B9B47+3674391]\n\tGetHandleVerifier [0x00007FF6C86AEAEB+3629243]\n\tGetHandleVerifier [0x00007FF6C83FFC66+815670]\n\t(No symbol) [0x00007FF6C82BD6EF]\n\t(No symbol) [0x00007FF6C82B92B4]\n\t(No symbol) [0x00007FF6C82B9450]\n\t(No symbol) [0x00007FF6C82A81FF]\n\tBaseThreadInitThunk [0x00007FFBED717374+20]\n\tRtlUserThreadStart [0x00007FFBED85CC91+33]\n\n", "trace": "  File \"C:\\Users\\Owner\\python-selenium-automation\\venv\\Lib\\site-packages\\behave\\model.py\", line 1329, in run\n    match.run(runner.context)\n  File \"C:\\Users\\Owner\\python-selenium-automation\\venv\\Lib\\site-packages\\behave\\matchers.py\", line 98, in run\n    self.func(context, *args, **kwargs)\n  File \"features\\steps\\log_in_steps.py\", line 8, in click_sign_in_btn\n    context.app.header.click_sign_in_btn()\n  File \"C:\\Users\\Owner\\python-selenium-automation\\pages\\header.py\", line 24, in click_sign_in_btn\n    self.wait_and_click(*self.SIGN_IN_BTN)\n  File \"C:\\Users\\Owner\\python-selenium-automation\\pages\\base_page.py\", line 70, in wait_and_click\n    self.wait.until(\n  File \"C:\\Users\\Owner\\python-selenium-automation\\venv\\Lib\\site-packages\\selenium\\webdriver\\support\\wait.py\", line 105, in until\n    raise TimeoutException(message, screen, stacktrace)\n"}, "start": 1727367792629, "stop": 1727367810831}, {"name": "When Click on side window sign in", "status": "skipped", "start": 1727367813005, "stop": 1727367813005}, {"name": "When User inputs invalid email", "status": "skipped", "start": 1727367813005, "stop": 1727367813005}, {"name": "And Click on sign in with password", "status": "skipped", "start": 1727367813005, "stop": 1727367813005}, {"name": "Then Verify user sees Please enter a valid email or phone number", "status": "skipped", "start": 1727367813005, "stop": 1727367813005}], "start": 1727367786932, "stop": 1727367813005, "uuid": "8cf769ba-7bbd-491e-8e73-a96e3117a82c", "historyId": "e548b839a354c6e74d6eeea48eb43af4", "fullName": "Sign In page opens: User enters invalid email or phone number", "labels": [{"name": "severity", "value": "normal"}, {"name": "feature", "value": "Sign In page opens"}, {"name": "framework", "value": "behave"}, {"name": "language", "value": "cpython3"}]}